Added Component: Designator=JP1(HDR1X12)
Added Component: Designator=JP2(HDR1X12)
Added Component: Designator=U1(QSOP24)
Added Component: Designator=U?(QSOP24)
Added Component: Designator=U?(QSOP24)
Added Pin To Net: NetName=NetJP1_1 Pin=JP1-1
Added Pin To Net: NetName=NetJP1_1 Pin=U1-1
Added Net: Name=NetJP1_1
Added Pin To Net: NetName=NetJP1_2 Pin=JP1-2
Added Pin To Net: NetName=NetJP1_2 Pin=U1-2
Added Net: Name=NetJP1_2
Added Pin To Net: NetName=NetJP1_3 Pin=JP1-3
Added Pin To Net: NetName=NetJP1_3 Pin=U1-3
Added Net: Name=NetJP1_3
Added Pin To Net: NetName=NetJP1_4 Pin=JP1-4
Added Pin To Net: NetName=NetJP1_4 Pin=U1-4
Added Net: Name=NetJP1_4
Added Pin To Net: NetName=NetJP1_5 Pin=JP1-5
Added Pin To Net: NetName=NetJP1_5 Pin=U1-5
Added Net: Name=NetJP1_5
Added Pin To Net: NetName=NetJP1_6 Pin=JP1-6
Added Pin To Net: NetName=NetJP1_6 Pin=U1-6
Added Net: Name=NetJP1_6
Added Pin To Net: NetName=NetJP1_7 Pin=JP1-7
Added Pin To Net: NetName=NetJP1_7 Pin=U1-7
Added Net: Name=NetJP1_7
Added Pin To Net: NetName=NetJP1_8 Pin=JP1-8
Added Pin To Net: NetName=NetJP1_8 Pin=U1-8
Added Net: Name=NetJP1_8
Added Pin To Net: NetName=NetJP1_9 Pin=JP1-9
Added Pin To Net: NetName=NetJP1_9 Pin=U1-9
Added Net: Name=NetJP1_9
Added Pin To Net: NetName=NetJP1_10 Pin=JP1-10
Added Pin To Net: NetName=NetJP1_10 Pin=U1-10
Added Net: Name=NetJP1_10
Added Pin To Net: NetName=NetJP1_11 Pin=JP1-11
Added Pin To Net: NetName=NetJP1_11 Pin=U1-11
Added Net: Name=NetJP1_11
Added Pin To Net: NetName=NetJP1_12 Pin=JP1-12
Added Pin To Net: NetName=NetJP1_12 Pin=U1-12
Added Net: Name=NetJP1_12
Added Pin To Net: NetName=NetJP2_1 Pin=JP2-1
Added Pin To Net: NetName=NetJP2_1 Pin=U1-24
Added Net: Name=NetJP2_1
Added Pin To Net: NetName=NetJP2_2 Pin=JP2-2
Added Pin To Net: NetName=NetJP2_2 Pin=U1-23
Added Net: Name=NetJP2_2
Added Pin To Net: NetName=NetJP2_3 Pin=JP2-3
Added Pin To Net: NetName=NetJP2_3 Pin=U1-22
Added Net: Name=NetJP2_3
Added Pin To Net: NetName=NetJP2_4 Pin=JP2-4
Added Pin To Net: NetName=NetJP2_4 Pin=U1-21
Added Net: Name=NetJP2_4
Added Pin To Net: NetName=NetJP2_5 Pin=JP2-5
Added Pin To Net: NetName=NetJP2_5 Pin=U1-20
Added Net: Name=NetJP2_5
Added Pin To Net: NetName=NetJP2_6 Pin=JP2-6
Added Pin To Net: NetName=NetJP2_6 Pin=U1-19
Added Net: Name=NetJP2_6
Added Pin To Net: NetName=NetJP2_7 Pin=JP2-7
Added Pin To Net: NetName=NetJP2_7 Pin=U1-18
Added Net: Name=NetJP2_7
Added Pin To Net: NetName=NetJP2_8 Pin=JP2-8
Added Pin To Net: NetName=NetJP2_8 Pin=U1-17
Added Net: Name=NetJP2_8
Added Pin To Net: NetName=NetJP2_9 Pin=JP2-9
Added Pin To Net: NetName=NetJP2_9 Pin=U1-16
Added Net: Name=NetJP2_9
Added Pin To Net: NetName=NetJP2_10 Pin=JP2-10
Added Pin To Net: NetName=NetJP2_10 Pin=U1-15
Added Net: Name=NetJP2_10
Added Pin To Net: NetName=NetJP2_11 Pin=JP2-11
Added Pin To Net: NetName=NetJP2_11 Pin=U1-14
Added Net: Name=NetJP2_11
Added Pin To Net: NetName=NetJP2_12 Pin=JP2-12
Added Pin To Net: NetName=NetJP2_12 Pin=U1-13
Added Net: Name=NetJP2_12
Added Class: Name=Sheet1
Added Class: Name=Sheet3
Added Room: Name=Sheet1
Added Room: Name=Sheet3
